[debug] ----------------------------------------------------------------------
[debug] Command:      /usr/local/Cellar/node/7.4.0/bin/node /usr/local/bin/firebase deploy
[debug] CLI Version:  3.2.1
[debug] Platform:     darwin
[debug] Node Version: v7.4.0
[debug] Time:         Sun Feb 26 2017 11:59:56 GMT-0800 (PST)
[debug] ----------------------------------------------------------------------
[debug] 
[debug] > command requires scopes: ["email","openid","https://www.googleapis.com/auth/cloudplatformprojects.readonly","https://www.googleapis.com/auth/firebase"]
[debug] >>> HTTP REQUEST GET https://admin.firebase.com/v1/projects/inverse-11184 
[debug] Error: getaddrinfo ENOTFOUND admin.firebase.com admin.firebase.com:443
    at errnoException (dns.js:28:10)
    at GetAddrInfoReqWrap.onlookup [as oncomplete] (dns.js:76:26)
[error] 
[error] Error: Server Error. getaddrinfo ENOTFOUND admin.firebase.com admin.firebase.com:443
[debug] ----------------------------------------------------------------------
[debug] Command:      /usr/local/Cellar/node/7.4.0/bin/node /usr/local/bin/firebase deploy
[debug] CLI Version:  3.2.1
[debug] Platform:     darwin
[debug] Node Version: v7.4.0
[debug] Time:         Sun Feb 26 2017 12:00:07 GMT-0800 (PST)
[debug] ----------------------------------------------------------------------
[debug] 
[debug] > command requires scopes: ["email","openid","https://www.googleapis.com/auth/cloudplatformprojects.readonly","https://www.googleapis.com/auth/firebase"]
[debug] >>> HTTP REQUEST GET https://admin.firebase.com/v1/projects/inverse-11184 
